#open$progress$time progress
distribution:
2 2 2 2 2 1 1 1 1 1 1 1 1 1 1 1 1 1 1 1
waypoints[s]:
0 2 4 6 8 10 11 12 13 14 15 16 17 18 19 20 21 22 23 24 25
steps[t]:
0 0 1 1 2 2 3 3 4 4 5 6 7 8 9 10 11 12 13 14 15 16 17 18 19 20
#open$stream$bests
add Abusive
clear cut data
build new cut data
stream :        eval        time   objective
 bests :           1    0.897000 4.00000e+06
 bests :           4    0.931000 2.00000e+06
 bests :          11    0.963000 1.00000e+06
 bests :        9524     2.90700    0.222276
#open$write$results
#results$long$generations$47
#results$long$eval tot$37793
#results$long$eval best$9524
#results$dbl$time tot$7.014
#results$dbl$time best$2.907
#results$dbl$objective$0.2222764410390348
#results$str$RAA-status$Optimal
#results$dbl$RAA-objective$0.2222764410390348
#results$dbl$RAA-lower$0.2222764410390348
#results$dbl$RAA-bin$420.0
#results$dbl$RAA-cols$4674.0
#results$dbl$RAA-rows$2561.0
#results$dbl$RAA-time-best$0.29517167199998084
#results$dbl$RAA-time-tot$0.30432725099996105
#results$int$RAA-uav-iteration$1
------------------------ [ states ] ------------------------
-27.34 79.38  0.00  0.00 
-27.84 78.88 -0.25 -0.25 
-29.34 77.38 -0.50 -0.50 
-31.53 75.20 -0.60 -0.59 
-33.93 72.85 -0.60 -0.59 
-36.32 70.49 -0.60 -0.59 
-38.71 68.13 -0.60 -0.59 
-41.11 65.25 -0.60 -0.84 
-43.28 61.87 -0.49 -0.84 
-44.74 58.50 -0.24 -0.84 
-45.20 55.12  0.01 -0.84 
-44.66 51.74  0.26 -0.84 
-43.47 48.37  0.34 -0.84 
-42.12 44.99  0.34 -0.84 
-40.78 41.61  0.34 -0.84 
-39.44 38.24  0.34 -0.84 
-38.09 34.86  0.34 -0.84 
-36.75 31.48  0.34 -0.84 
-35.41 28.11  0.34 -0.84 
-34.07 24.73  0.34 -0.84 
-32.72 21.35  0.34 -0.84 
-31.38 18.48  0.34 -0.59 
-30.04 16.10  0.34 -0.59 
-28.69 14.22  0.34 -0.34 
-27.52 13.34  0.25 -0.10 
-27.02 13.14  0.00  0.00 
------------------------ [ controls ] ------------------------
-0.06 -0.06 
-0.06 -0.06 
-0.02 -0.02 
 0.00  0.00 
 0.00  0.00 
 0.00 -0.00 
 0.00 -0.06 
 0.03  0.00 
 0.06  0.00 
 0.06  0.00 
 0.06  0.00 
 0.02  0.00 
 0.00  0.00 
 0.00  0.00 
 0.00  0.00 
 0.00  0.00 
 0.00  0.00 
 0.00  0.00 
 0.00  0.00 
 0.00  0.00 
 0.00  0.06 
 0.00  0.00 
 0.00  0.06 
-0.02  0.06 
-0.06  0.02 
#results$dbl$delta-raa$0.0010000000000244258
#results$dbl$true_alloaction$0.0
#results$str$map_name$null
#close$results
