-27.34 79.38  0.00  0.00 
-27.84 78.88 -0.25 -0.25 
-29.34 77.38 -0.50 -0.50 
-31.53 75.20 -0.60 -0.59 
-33.93 72.85 -0.60 -0.59 
-36.32 70.49 -0.60 -0.59 
-38.71 68.13 -0.60 -0.59 
-41.11 65.25 -0.60 -0.84 
-43.28 61.87 -0.49 -0.84 
-44.74 58.50 -0.24 -0.84 
-45.20 55.12  0.01 -0.84 
-44.66 51.74  0.26 -0.84 
-43.47 48.37  0.34 -0.84 
-42.12 44.99  0.34 -0.84 
-40.78 41.61  0.34 -0.84 
-39.44 38.24  0.34 -0.84 
-38.09 34.86  0.34 -0.84 
-36.75 31.48  0.34 -0.84 
-35.41 28.11  0.34 -0.84 
-34.07 24.73  0.34 -0.84 
-32.72 21.35  0.34 -0.84 
-31.38 18.48  0.34 -0.59 
-30.04 16.10  0.34 -0.59 
-28.69 14.22  0.34 -0.34 
-27.52 13.34  0.25 -0.10 
-27.02 13.14  0.00  0.00 
