#open$progress$time progress
distribution:
2 2 2 2 2 1 1 1 1 1 1 1 1 1 1 1 1 1 1 1
waypoints[s]:
0 2 4 6 8 10 11 12 13 14 15 16 17 18 19 20 21 22 23 24 25
steps[t]:
0 0 1 1 2 2 3 3 4 4 5 6 7 8 9 10 11 12 13 14 15 16 17 18 19 20
#open$stream$bests
add Abusive
clear cut data
build new cut data
stream :        eval        time   objective
 bests :           1    0.664000 2.00000e+06
 bests :          17    0.710000 1.00000e+06
 bests :      946579     10.2250     1.37923
#open$write$results
#results$long$generations$2094
#results$long$eval tot$1687391
#results$long$eval best$946579
#results$dbl$time tot$17.163
#results$dbl$time best$10.225
#results$dbl$objective$1.3792319526751806
#results$str$RAA-status$Optimal
#results$dbl$RAA-objective$1.3792319526751806
#results$dbl$RAA-lower$1.3792319526751806
#results$dbl$RAA-bin$504.0
#results$dbl$RAA-cols$5228.0
#results$dbl$RAA-rows$3003.0
#results$dbl$RAA-time-best$0.37077623200002563
#results$dbl$RAA-time-tot$0.661746020999999
#results$int$RAA-uav-iteration$1
------------------------ [ states ] ------------------------
-27.34 79.38  0.00  0.00 
-28.76 79.56 -0.71  0.09 
-32.11 79.94 -0.96  0.09 
-35.97 79.82 -0.96 -0.16 
-39.32 78.19 -0.71 -0.66 
-41.46 74.07 -0.36 -1.41 
-42.39 67.23 -0.11 -2.02 
-42.32 59.16  0.14 -2.02 
-41.25 52.09  0.39 -1.52 
-39.18 47.20  0.64 -0.93 
-36.11 44.48  0.89 -0.43 
-32.29 43.25  1.02 -0.18 
-28.22 43.03  1.02  0.07 
-24.15 43.30  1.02  0.07 
-20.08 43.58  1.02  0.07 
-16.26 43.36  0.90 -0.18 
-13.17 42.13  0.65 -0.43 
-11.08 39.41  0.40 -0.93 
-10.00 35.18  0.15 -1.18 
-9.91 30.45 -0.10 -1.18 
-10.85 25.71 -0.37 -1.18 
-13.33 21.32 -0.87 -1.01 
-17.31 17.77 -1.12 -0.76 
-21.78 15.22 -1.12 -0.51 
-25.52 13.67 -0.75 -0.26 
-27.02 13.14  0.00  0.00 
------------------------ [ controls ] ------------------------
-0.18  0.02 
-0.06  0.00 
 0.00 -0.06 
 0.06 -0.13 
 0.09 -0.19 
 0.06 -0.15 
 0.06  0.00 
 0.06  0.13 
 0.06  0.15 
 0.06  0.13 
 0.03  0.06 
 0.00  0.06 
 0.00  0.00 
 0.00  0.00 
-0.03 -0.06 
-0.06 -0.06 
-0.06 -0.13 
-0.06 -0.06 
-0.06 -0.00 
-0.07  0.00 
-0.13  0.04 
-0.06  0.06 
 0.00  0.06 
 0.09  0.06 
 0.19  0.07 
#results$dbl$delta-raa$9.99999999999998E-4
#results$dbl$true_alloaction$0.0
#results$str$map_name$null
#close$results
