-27.34 79.38  0.00  0.00 
-28.76 79.56 -0.71  0.09 
-32.11 79.94 -0.96  0.09 
-35.97 79.82 -0.96 -0.16 
-39.32 78.19 -0.71 -0.66 
-41.46 74.07 -0.36 -1.41 
-42.39 67.23 -0.11 -2.02 
-42.32 59.16  0.14 -2.02 
-41.25 52.09  0.39 -1.52 
-39.18 47.20  0.64 -0.93 
-36.11 44.48  0.89 -0.43 
-32.29 43.25  1.02 -0.18 
-28.22 43.03  1.02  0.07 
-24.15 43.30  1.02  0.07 
-20.08 43.58  1.02  0.07 
-16.26 43.36  0.90 -0.18 
-13.17 42.13  0.65 -0.43 
-11.08 39.41  0.40 -0.93 
-10.00 35.18  0.15 -1.18 
-9.91 30.45 -0.10 -1.18 
-10.85 25.71 -0.37 -1.18 
-13.33 21.32 -0.87 -1.01 
-17.31 17.77 -1.12 -0.76 
-21.78 15.22 -1.12 -0.51 
-25.52 13.67 -0.75 -0.26 
-27.02 13.14  0.00  0.00 
